Determining if the pthread_create exist failed with the following output:
Change Dir: /home/robond/Desktop/ROS/goChaseIt/catkin_ws/build/CMakeFiles/CMakeTmp

Run Build Command:"/usr/bin/make" "cmTC_369b0/fast"
/usr/bin/make -f CMakeFiles/cmTC_369b0.dir/build.make CMakeFiles/cmTC_369b0.dir/build
make[1]: Entering directory '/home/robond/Desktop/ROS/goChaseIt/catkin_ws/build/CMakeFiles/CMakeTmp'
Building C object CMakeFiles/cmTC_369b0.dir/CheckSymbolExists.c.o
/usr/bin/cc     -o CMakeFiles/cmTC_369b0.dir/CheckSymbolExists.c.o   -c /home/robond/Desktop/ROS/goChaseIt/catkin_ws/build/CMakeFiles/CMakeTmp/CheckSymbolExists.c
Linking C executable cmTC_369b0
/usr/bin/cmake -E cmake_link_script CMakeFiles/cmTC_369b0.dir/link.txt --verbose=1
/usr/bin/cc       CMakeFiles/cmTC_369b0.dir/CheckSymbolExists.c.o  -o cmTC_369b0 -rdynamic 
CMakeFiles/cmTC_369b0.dir/CheckSymbolExists.c.o: In function `main':
CheckSymbolExists.c:(.text+0x16): undefined reference to `pthread_create'
collect2: error: ld returned 1 exit status
CMakeFiles/cmTC_369b0.dir/build.make:97: recipe for target 'cmTC_369b0' failed
make[1]: *** [cmTC_369b0] Error 1
make[1]: Leaving directory '/home/robond/Desktop/ROS/goChaseIt/catkin_ws/build/CMakeFiles/CMakeTmp'
Makefile:126: recipe for target 'cmTC_369b0/fast' failed
make: *** [cmTC_369b0/fast] Error 2

File /home/robond/Desktop/ROS/goChaseIt/catkin_ws/build/CMakeFiles/CMakeTmp/CheckSymbolExists.c:
/* */
#include <pthread.h>

int main(int argc, char** argv)
{
  (void)argv;
#ifndef pthread_create
  return ((int*)(&pthread_create))[argc];
#else
  (void)argc;
  return 0;
#endif
}

Determining if the function pthread_create exists in the pthreads failed with the following output:
Change Dir: /home/robond/Desktop/ROS/goChaseIt/catkin_ws/build/CMakeFiles/CMakeTmp

Run Build Command:"/usr/bin/make" "cmTC_e0ad8/fast"
/usr/bin/make -f CMakeFiles/cmTC_e0ad8.dir/build.make CMakeFiles/cmTC_e0ad8.dir/build
make[1]: Entering directory '/home/robond/Desktop/ROS/goChaseIt/catkin_ws/build/CMakeFiles/CMakeTmp'
Building C object CMakeFiles/cmTC_e0ad8.dir/CheckFunctionExists.c.o
/usr/bin/cc    -DCHECK_FUNCTION_EXISTS=pthread_create   -o CMakeFiles/cmTC_e0ad8.dir/CheckFunctionExists.c.o   -c /usr/share/cmake-3.5/Modules/CheckFunctionExists.c
Linking C executable cmTC_e0ad8
/usr/bin/cmake -E cmake_link_script CMakeFiles/cmTC_e0ad8.dir/link.txt --verbose=1
/usr/bin/cc   -DCHECK_FUNCTION_EXISTS=pthread_create    CMakeFiles/cmTC_e0ad8.dir/CheckFunctionExists.c.o  -o cmTC_e0ad8 -rdynamic -lpthreads 
/usr/bin/ld: cannot find -lpthreads
collect2: error: ld returned 1 exit status
CMakeFiles/cmTC_e0ad8.dir/build.make:97: recipe for target 'cmTC_e0ad8' failed
make[1]: *** [cmTC_e0ad8] Error 1
make[1]: Leaving directory '/home/robond/Desktop/ROS/goChaseIt/catkin_ws/build/CMakeFiles/CMakeTmp'
Makefile:126: recipe for target 'cmTC_e0ad8/fast' failed
make: *** [cmTC_e0ad8/fast] Error 2


